#
# There is insufficient memory for the Java Runtime Environment to continue.
# pthread_getattr_np
# Possible reasons:
#   The system is out of physical RAM or swap space
#   In 32 bit mode, the process size limit was hit
# Possible solutions:
#   Reduce memory load on the system
#   Increase physical memory or swap space
#   Check if swap backing store is full
#   Use 64 bit Java on a 64 bit OS
#   Decrease Java heap size (-Xmx/-Xms)
#   Decrease number of Java threads
#   Decrease Java thread stack sizes (-Xss)
#   Set larger code cache with -XX:ReservedCodeCacheSize=
# This output file may be truncated or incomplete.
#
#  Out of Memory Error (os_linux_x86.cpp:715), pid=23703, tid=47308335040256
#
# JRE version: 7.0_21-b11
# Java VM: Java HotSpot(TM) 64-Bit Server VM (23.21-b01 mixed mode linux-amd64 compressed oops)
# Failed to write core dump. Core dumps have been disabled. To enable core dumping, try "ulimit -c unlimited" before starting Java again
#

---------------  T H R E A D  ---------------

Current thread (0x00002b07682d9800):  JavaThread "Thread-0" [_thread_new, id=23752, stack(0x0000000000000000,0x0000000000000000)]

Stack: [0x0000000000000000,0x0000000000000000],  sp=0x00002b06d4813900,  free space=46199545934k
Native frames: (J=compiled Java code, j=interpreted, Vv=VM code, C=native code)
V  [libjvm.so+0x8a777a]
V  [libjvm.so+0x40b51b]
V  [libjvm.so+0x74b1da]
V  [libjvm.so+0x74b225]
V  [libjvm.so+0x8675b3]
V  [libjvm.so+0x749010]


---------------  P R O C E S S  ---------------

Java Threads: ( => current thread )
=>0x00002b07682d9800 JavaThread "Thread-0" [_thread_new, id=23752, stack(0x0000000000000000,0x0000000000000000)]
  0x00002b0768289800 JavaThread "TimerQueue" daemon [_thread_blocked, id=23751, stack(0x00002b06d4613000,0x00002b06d4714000)]
  0x00002b07682c9000 JavaThread "Image Fetcher 0" daemon [_thread_blocked, id=23749, stack(0x00002b06d4512000,0x00002b06d4613000)]
  0x00002b06cc008000 JavaThread "DestroyJavaVM" [_thread_blocked, id=23704, stack(0x00002b06ca77e000,0x00002b06ca87f000)]
  0x00002b06cc2e2000 JavaThread "AWT-EventQueue-0" [_thread_in_native, id=23730, stack(0x00002b0746e55000,0x00002b0746f56000)]
  0x00002b06cc2e0800 JavaThread "AWT-Shutdown" [_thread_blocked, id=23729, stack(0x00002b0746d54000,0x00002b0746e55000)]
  0x00002b06cc2de000 JavaThread "AWT-XAWT" daemon [_thread_in_native, id=23728, stack(0x00002b0746c53000,0x00002b0746d54000)]
  0x00002b06cc2b0800 JavaThread "Java2D Disposer" daemon [_thread_blocked, id=23726, stack(0x00002b0746b52000,0x00002b0746c53000)]
  0x00002b06cc102800 JavaThread "Service Thread" daemon [_thread_blocked, id=23724, stack(0x00002b0746194000,0x00002b0746295000)]
  0x00002b06cc100800 JavaThread "C2 CompilerThread1" daemon [_thread_blocked, id=23723, stack(0x00002b0746093000,0x00002b0746194000)]
  0x00002b06cc0fd800 JavaThread "C2 CompilerThread0" daemon [_thread_blocked, id=23722, stack(0x00002b0745f92000,0x00002b0746093000)]
  0x00002b06cc0fb000 JavaThread "Signal Dispatcher" daemon [_thread_blocked, id=23721, stack(0x00002b0745e91000,0x00002b0745f92000)]
  0x00002b06cc0ae000 JavaThread "Finalizer" daemon [_thread_blocked, id=23720, stack(0x00002b0734101000,0x00002b0734202000)]
  0x00002b06cc0ab800 JavaThread "Reference Handler" daemon [_thread_blocked, id=23719, stack(0x00002b0734000000,0x00002b0734101000)]

Other Threads:
  0x00002b06cc0a4000 VMThread [stack: 0x00002b06f3d3d000,0x00002b06f3e3e000] [id=23718]
  0x00002b06cc10d800 WatcherThread [stack: 0x00002b0746295000,0x00002b0746396000] [id=23725]

VM state:not at safepoint (normal execution)

VM Mutex/Monitor currently owned by a thread: None

Heap
 PSYoungGen      total 4800K, used 2284K [0x00000000d9e00000, 0x00000000da350000, 0x0000000100000000)
  eden space 4160K, 39% used [0x00000000d9e00000,0x00000000d9f9f1b0,0x00000000da210000)
  from space 640K, 97% used [0x00000000da2b0000,0x00000000da34c010,0x00000000da350000)
  to   space 640K, 0% used [0x00000000da210000,0x00000000da210000,0x00000000da2b0000)
 ParOldGen       total 10944K, used 2427K [0x000000008da00000, 0x000000008e4b0000, 0x00000000d9e00000)
  object space 10944K, 22% used [0x000000008da00000,0x000000008dc5ee00,0x000000008e4b0000)
 PSPermGen       total 21248K, used 16620K [0x0000000088800000, 0x0000000089cc0000, 0x000000008da00000)
  object space 21248K, 78% used [0x0000000088800000,0x000000008983b2a0,0x0000000089cc0000)

Card table byte_map: [0x00002b06d30c0000,0x00002b06d347d000] byte_map_base: 0x00002b06d2c7c000

Polling page: 0x00002b06caed8000

Code Cache  [0x00002b06d0000000, 0x00002b06d0270000, 0x00002b06d3000000)
 total_blobs=550 nmethods=50 adapters=452 free_code_cache=48515Kb largest_free_block=49668224

Compilation events (10 events):
Event: 2.815 Thread 0x00002b06cc0fd800 nmethod 44 0x00002b06d0098f50 code [0x00002b06d00990c0, 0x00002b06d00998f8]
Event: 2.815 Thread 0x00002b06cc0fd800   45             sun.reflect.UTF8::utf8Length (81 bytes)
Event: 2.821 Thread 0x00002b06cc0fd800 nmethod 45 0x00002b06d009a1d0 code [0x00002b06d009a320, 0x00002b06d009a558]
Event: 2.825 Thread 0x00002b06cc100800 nmethod 43 0x00002b06d009e710 code [0x00002b06d009e8e0, 0x00002b06d009f470]
Event: 2.881 Thread 0x00002b06cc0fd800   46             sun.java2d.loops.GraphicsPrimitive::getUniqueID (5 bytes)
Event: 2.881 Thread 0x00002b06cc0fd800 nmethod 46 0x00002b06d009e510 code [0x00002b06d009e640, 0x00002b06d009e698]
Event: 2.923 Thread 0x00002b06cc100800   47             java.util.Arrays::binarySearch0 (95 bytes)
Event: 2.925 Thread 0x00002b06cc0fd800   48             sun.java2d.loops.GraphicsPrimitiveMgr$2::compare (39 bytes)
Event: 2.926 Thread 0x00002b06cc0fd800 nmethod 48 0x00002b06d0097510 code [0x00002b06d0097660, 0x00002b06d0097738]
Event: 2.928 Thread 0x00002b06cc100800 nmethod 47 0x00002b06d0096f50 code [0x00002b06d00970a0, 0x00002b06d0097258]

GC Heap History (4 events):
Event: 1.922 GC heap before
{Heap before GC invocations=1 (full 0):
 PSYoungGen      total 4800K, used 4160K [0x00000000d9e00000, 0x00000000da350000, 0x0000000100000000)
  eden space 4160K, 100% used [0x00000000d9e00000,0x00000000da210000,0x00000000da210000)
  from space 640K, 0% used [0x00000000da2b0000,0x00000000da2b0000,0x00000000da350000)
  to   space 640K, 0% used [0x00000000da210000,0x00000000da210000,0x00000000da2b0000)
 ParOldGen       total 10944K, used 0K [0x000000008da00000, 0x000000008e4b0000, 0x00000000d9e00000)
  object space 10944K, 0% used [0x000000008da00000,0x000000008da00000,0x000000008e4b0000)
 PSPermGen       total 21248K, used 11688K [0x0000000088800000, 0x0000000089cc0000, 0x000000008da00000)
  object space 21248K, 55% used [0x0000000088800000,0x000000008936a138,0x0000000089cc0000)
Event: 1.927 GC heap after
Heap after GC invocations=1 (full 0):
 PSYoungGen      total 4800K, used 640K [0x00000000d9e00000, 0x00000000da350000, 0x0000000100000000)
  eden space 4160K, 0% used [0x00000000d9e00000,0x00000000d9e00000,0x00000000da210000)
  from space 640K, 100% used [0x00000000da210000,0x00000000da2b0000,0x00000000da2b0000)
  to   space 640K, 0% used [0x00000000da2b0000,0x00000000da2b0000,0x00000000da350000)
 ParOldGen       total 10944K, used 1403K [0x000000008da00000, 0x000000008e4b0000, 0x00000000d9e00000)
  object space 10944K, 12% used [0x000000008da00000,0x000000008db5efe8,0x000000008e4b0000)
 PSPermGen       total 21248K, used 11688K [0x0000000088800000, 0x0000000089cc0000, 0x000000008da00000)
  object space 21248K, 55% used [0x0000000088800000,0x000000008936a138,0x0000000089cc0000)
}
Event: 2.676 GC heap before
{Heap before GC invocations=2 (full 0):
 PSYoungGen      total 4800K, used 4800K [0x00000000d9e00000, 0x00000000da350000, 0x0000000100000000)
  eden space 4160K, 100% used [0x00000000d9e00000,0x00000000da210000,0x00000000da210000)
  from space 640K, 100% used [0x00000000da210000,0x00000000da2b0000,0x00000000da2b0000)
  to   space 640K, 0% used [0x00000000da2b0000,0x00000000da2b0000,0x00000000da350000)
 ParOldGen       total 10944K, used 1403K [0x000000008da00000, 0x000000008e4b0000, 0x00000000d9e00000)
  object space 10944K, 12% used [0x000000008da00000,0x000000008db5efe8,0x000000008e4b0000)
 PSPermGen       total 21248K, used 14824K [0x0000000088800000, 0x0000000089cc0000, 0x000000008da00000)
  object space 21248K, 69% used [0x0000000088800000,0x000000008967a140,0x0000000089cc0000)
Event: 2.682 GC heap after
Heap after GC invocations=2 (full 0):
 PSYoungGen      total 4800K, used 624K [0x00000000d9e00000, 0x00000000da350000, 0x0000000100000000)
  eden space 4160K, 0% used [0x00000000d9e00000,0x00000000d9e00000,0x00000000da210000)
  from space 640K, 97% used [0x00000000da2b0000,0x00000000da34c010,0x00000000da350000)
  to   space 640K, 0% used [0x00000000da210000,0x00000000da210000,0x00000000da2b0000)
 ParOldGen       total 10944K, used 2427K [0x000000008da00000, 0x000000008e4b0000, 0x00000000d9e00000)
  object space 10944K, 22% used [0x000000008da00000,0x000000008dc5ee00,0x000000008e4b0000)
 PSPermGen       total 21248K, used 14824K [0x0000000088800000, 0x0000000089cc0000, 0x000000008da00000)
  object space 21248K, 69% used [0x0000000088800000,0x000000008967a140,0x0000000089cc0000)
}

Deoptimization events (6 events):
Event: 1.739 Thread 0x00002b06cc2e2000 Uncommon trap -34 fr.pc 0x00002b06d0079f54
Event: 1.739 Thread 0x00002b06cc2e2000 Uncommon trap -34 fr.pc 0x00002b06d0079f54
Event: 1.741 Thread 0x00002b06cc2e2000 Uncommon trap -34 fr.pc 0x00002b06d0079f54
Event: 1.741 Thread 0x00002b06cc2e2000 Uncommon trap -34 fr.pc 0x00002b06d0079f54
Event: 1.903 Thread 0x00002b06cc2e2000 Uncommon trap 64 fr.pc 0x00002b06d0085d18
Event: 1.903 Thread 0x00002b06cc2e2000 Uncommon trap -67 fr.pc 0x00002b06d0089a8c

Internal exceptions (10 events):
Event: 3.266 Thread 0x00002b06cc2e2000 Threw 0x00000000d9f31988 at /HUDSON/workspace/jdk7u21-2-build-linux-amd64-product/jdk7u21/hotspot/src/share/vm/prims/jvm.cpp:1166
Event: 3.267 Thread 0x00002b06cc2e2000 Threw 0x00000000d9f3bed8 at /HUDSON/workspace/jdk7u21-2-build-linux-amd64-product/jdk7u21/hotspot/src/share/vm/prims/jvm.cpp:1166
Event: 3.268 Thread 0x00002b06cc2e2000 Threw 0x00000000d9f3f9a8 at /HUDSON/workspace/jdk7u21-2-build-linux-amd64-product/jdk7u21/hotspot/src/share/vm/prims/jvm.cpp:1166
Event: 3.271 Thread 0x00002b06cc2e2000 Threw 0x00000000d9f47678 at /HUDSON/workspace/jdk7u21-2-build-linux-amd64-product/jdk7u21/hotspot/src/share/vm/prims/jvm.cpp:1166
Event: 3.274 Thread 0x00002b06cc2e2000 Threw 0x00000000d9f4a570 at /HUDSON/workspace/jdk7u21-2-build-linux-amd64-product/jdk7u21/hotspot/src/share/vm/prims/jvm.cpp:1166
Event: 3.290 Thread 0x00002b06cc2e2000 Threw 0x00000000d9f4f668 at /HUDSON/workspace/jdk7u21-2-build-linux-amd64-product/jdk7u21/hotspot/src/share/vm/prims/jvm.cpp:1166
Event: 3.291 Thread 0x00002b06cc2e2000 Threw 0x00000000d9f51ca0 at /HUDSON/workspace/jdk7u21-2-build-linux-amd64-product/jdk7u21/hotspot/src/share/vm/prims/jvm.cpp:1166
Event: 3.310 Thread 0x00002b06cc2e2000 Threw 0x00000000d9f66b08 at /HUDSON/workspace/jdk7u21-2-build-linux-amd64-product/jdk7u21/hotspot/src/share/vm/prims/jvm.cpp:1166
Event: 3.879 Thread 0x00002b06cc2e2000 Threw 0x00000000d9f83a90 at /HUDSON/workspace/jdk7u21-2-build-linux-amd64-product/jdk7u21/hotspot/src/share/vm/prims/jvm.cpp:1166
Event: 3.885 Thread 0x00002b06cc2e2000 Threw 0x00000000d9f89b38 at /HUDSON/workspace/jdk7u21-2-build-linux-amd64-product/jdk7u21/hotspot/src/share/vm/prims/jvm.cpp:1166

Events (10 events):
Event: 3.884 loading class 0x00002b07682b0a70 done
Event: 3.884 loading class 0x00002b07682b0ab0
Event: 3.884 loading class 0x00002b07682b0ab0 done
Event: 3.884 loading class 0x00002b07682b0af0
Event: 3.884 loading class 0x00002b07682b0af0 done
Event: 3.884 loading class 0x00002b07682b0b30
Event: 3.884 loading class 0x00002b07682b0b30 done
Event: 3.884 loading class 0x00002b07682e1420
Event: 3.884 loading class 0x00002b07682e1420 done
Event: 3.886 Thread 0x00002b07682d9800 Thread added: 0x00002b07682d9800


Dynamic libraries:
00400000-00401000 r-xp 00000000 09:00 4646493                            /usr/java/jdk1.7.0_21/bin/java.orig
00600000-00601000 rw-p 00000000 09:00 4646493                            /usr/java/jdk1.7.0_21/bin/java.orig
00da0000-00dc1000 rw-p 00000000 00:00 0                                  [heap]
88800000-89cc0000 rw-p 00000000 00:00 0 
89cc0000-8da00000 rw-p 00000000 00:00 0 
8da00000-8e4b0000 rw-p 00000000 00:00 0 
8e4b0000-d9e00000 rw-p 00000000 00:00 0 
d9e00000-da350000 rw-p 00000000 00:00 0 
da350000-100000000 rw-p 00000000 00:00 0 
39ee200000-39ee216000 r-xp 00000000 09:00 2523247                        /lib64/libgcc_s-4.4.6-20120305.so.1
39ee216000-39ee415000 ---p 00016000 09:00 2523247                        /lib64/libgcc_s-4.4.6-20120305.so.1
39ee415000-39ee416000 rw-p 00015000 09:00 2523247                        /lib64/libgcc_s-4.4.6-20120305.so.1
39ef600000-39ef611000 r-xp 00000000 09:00 4589370                        /usr/lib64/libXext.so.6.4.0
39ef611000-39ef811000 ---p 00011000 09:00 4589370                        /usr/lib64/libXext.so.6.4.0
39ef811000-39ef812000 rw-p 00011000 09:00 4589370                        /usr/lib64/libXext.so.6.4.0
39f2200000-39f221b000 r-xp 00000000 09:00 4589322                        /usr/lib64/libxcb.so.1.1.0
39f221b000-39f241a000 ---p 0001b000 09:00 4589322                        /usr/lib64/libxcb.so.1.1.0
39f241a000-39f241b000 rw-p 0001a000 09:00 4589322                        /usr/lib64/libxcb.so.1.1.0
39f2600000-39f2739000 r-xp 00000000 09:00 4589366                        /usr/lib64/libX11.so.6.3.0
39f2739000-39f2939000 ---p 00139000 09:00 4589366                        /usr/lib64/libX11.so.6.3.0
39f2939000-39f293f000 rw-p 00139000 09:00 4589366                        /usr/lib64/libX11.so.6.3.0
39f2a00000-39f2a02000 r-xp 00000000 09:00 4589251                        /usr/lib64/libXau.so.6.0.0
39f2a02000-39f2c02000 ---p 00002000 09:00 4589251                        /usr/lib64/libXau.so.6.0.0
39f2c02000-39f2c03000 rw-p 00002000 09:00 4589251                        /usr/lib64/libXau.so.6.0.0
39f5a00000-39f5a09000 r-xp 00000000 09:00 4589380                        /usr/lib64/libXrender.so.1.3.0
39f5a09000-39f5c09000 ---p 00009000 09:00 4589380                        /usr/lib64/libXrender.so.1.3.0
39f5c09000-39f5c0a000 rw-p 00009000 09:00 4589380                        /usr/lib64/libXrender.so.1.3.0
39f6600000-39f6609000 r-xp 00000000 09:00 4589378                        /usr/lib64/libXcursor.so.1.0.2
39f6609000-39f6809000 ---p 00009000 09:00 4589378                        /usr/lib64/libXcursor.so.1.0.2
39f6809000-39f680a000 rw-p 00009000 09:00 4589378                        /usr/lib64/libXcursor.so.1.0.2
39f6e00000-39f6e0f000 r-xp 00000000 09:00 4589372                        /usr/lib64/libXi.so.6.1.0
39f6e0f000-39f700e000 ---p 0000f000 09:00 4589372                        /usr/lib64/libXi.so.6.1.0
39f700e000-39f700f000 rw-p 0000e000 09:00 4589372                        /usr/lib64/libXi.so.6.1.0
39f7200000-39f7205000 r-xp 00000000 09:00 4589384                        /usr/lib64/libXfixes.so.3.1.0
39f7205000-39f7404000 ---p 00005000 09:00 4589384                        /usr/lib64/libXfixes.so.3.1.0
39f7404000-39f7405000 rw-p 00004000 09:00 4589384                        /usr/lib64/libXfixes.so.3.1.0
2b06c8bc9000-2b06c8be9000 r-xp 00000000 09:00 2523138                    /lib64/ld-2.12.so
2b06c8be9000-2b06c8bea000 rw-p 00000000 00:00 0 
2b06c8de8000-2b06c8de9000 r--p 0001f000 09:00 2523138                    /lib64/ld-2.12.so
2b06c8de9000-2b06c8dea000 rw-p 00020000 09:00 2523138                    /lib64/ld-2.12.so
2b06c8dea000-2b06c8deb000 rw-p 00000000 00:00 0 
2b06c8deb000-2b06c8e02000 r-xp 00000000 09:00 2523171                    /lib64/libpthread-2.12.so
2b06c8e02000-2b06c9002000 ---p 00017000 09:00 2523171                    /lib64/libpthread-2.12.so
2b06c9002000-2b06c9003000 r--p 00017000 09:00 2523171                    /lib64/libpthread-2.12.so
2b06c9003000-2b06c9004000 rw-p 00018000 09:00 2523171                    /lib64/libpthread-2.12.so
2b06c9004000-2b06c9009000 rw-p 00000000 00:00 0 
2b06c9009000-2b06c901f000 r-xp 00000000 09:00 4646618                    /usr/java/jdk1.7.0_21/jre/lib/amd64/jli/libjli.so
2b06c901f000-2b06c921f000 ---p 00016000 09:00 4646618                    /usr/java/jdk1.7.0_21/jre/lib/amd64/jli/libjli.so
2b06c921f000-2b06c9220000 rw-p 00016000 09:00 4646618                    /usr/java/jdk1.7.0_21/jre/lib/amd64/jli/libjli.so
2b06c9220000-2b06c9222000 r-xp 00000000 09:00 2523153                    /lib64/libdl-2.12.so
2b06c9222000-2b06c9422000 ---p 00002000 09:00 2523153                    /lib64/libdl-2.12.so
2b06c9422000-2b06c9423000 r--p 00002000 09:00 2523153                    /lib64/libdl-2.12.so
2b06c9423000-2b06c9424000 rw-p 00003000 09:00 2523153                    /lib64/libdl-2.12.so
2b06c9424000-2b06c95ae000 r-xp 00000000 09:00 2523147                    /lib64/libc-2.12.so
2b06c95ae000-2b06c97ae000 ---p 0018a000 09:00 2523147                    /lib64/libc-2.12.so
2b06c97ae000-2b06c97b2000 r--p 0018a000 09:00 2523147                    /lib64/libc-2.12.so
2b06c97b2000-2b06c97b3000 rw-p 0018e000 09:00 2523147                    /lib64/libc-2.12.so
2b06c97b3000-2b06c97ba000 rw-p 00000000 00:00 0 
2b06c97ba000-2b06ca204000 r-xp 00000000 09:00 4653060                    /usr/java/jdk1.7.0_21/jre/lib/amd64/server/libjvm.so
2b06ca204000-2b06ca403000 ---p 00a4a000 09:00 4653060                    /usr/java/jdk1.7.0_21/jre/lib/amd64/server/libjvm.so
2b06ca403000-2b06ca4a7000 rw-p 00a49000 09:00 4653060                    /usr/java/jdk1.7.0_21/jre/lib/amd64/server/libjvm.so
2b06ca4a7000-2b06ca4e2000 rw-p 00000000 00:00 0 
2b06ca4fa000-2b06ca57d000 r-xp 00000000 09:00 2523155                    /lib64/libm-2.12.so
2b06ca57d000-2b06ca77c000 ---p 00083000 09:00 2523155                    /lib64/libm-2.12.so
2b06ca77c000-2b06ca77d000 r--p 00082000 09:00 2523155                    /lib64/libm-2.12.so
2b06ca77d000-2b06ca77e000 rw-p 00083000 09:00 2523155                    /lib64/libm-2.12.so
2b06ca77e000-2b06ca781000 ---p 00000000 00:00 0 
2b06ca781000-2b06ca87f000 rw-p 00000000 00:00 0 
2b06ca87f000-2b06ca88b000 r--s 000b0000 09:00 4646702                    /usr/java/jdk1.7.0_21/jre/lib/resources.jar
2b06ca897000-2b06ca89e000 r-xp 00000000 09:00 2523175                    /lib64/librt-2.12.so
2b06ca89e000-2b06caa9d000 ---p 00007000 09:00 2523175                    /lib64/librt-2.12.so
2b06caa9d000-2b06caa9e000 r--p 00006000 09:00 2523175                    /lib64/librt-2.12.so
2b06caa9e000-2b06caa9f000 rw-p 00007000 09:00 2523175                    /lib64/librt-2.12.so
2b06caa9f000-2b06caaac000 r-xp 00000000 09:00 4646666                    /usr/java/jdk1.7.0_21/jre/lib/amd64/libverify.so
2b06caaac000-2b06cacab000 ---p 0000d000 09:00 4646666                    /usr/java/jdk1.7.0_21/jre/lib/amd64/libverify.so
2b06cacab000-2b06cacad000 rw-p 0000c000 09:00 4646666                    /usr/java/jdk1.7.0_21/jre/lib/amd64/libverify.so
2b06cacad000-2b06cacd6000 r-xp 00000000 09:00 4646636                    /usr/java/jdk1.7.0_21/jre/lib/amd64/libjava.so
2b06cacd6000-2b06caed6000 ---p 00029000 09:00 4646636                    /usr/java/jdk1.7.0_21/jre/lib/amd64/libjava.so
2b06caed6000-2b06caed8000 rw-p 00029000 09:00 4646636                    /usr/java/jdk1.7.0_21/jre/lib/amd64/libjava.so
2b06caed8000-2b06caed9000 r--p 00000000 00:00 0 
2b06caed9000-2b06caeda000 rw-p 00000000 00:00 0 
2b06caeda000-2b06caee2000 rw-s 00000000 09:00 2998823                    /tmp/hsperfdata_ucsb-train33/23703
2b06caef2000-2b06caefe000 r-xp 00000000 09:00 2523163                    /lib64/libnss_files-2.12.so
2b06caefe000-2b06cb0fe000 ---p 0000c000 09:00 2523163                    /lib64/libnss_files-2.12.so
2b06cb0fe000-2b06cb0ff000 r--p 0000c000 09:00 2523163                    /lib64/libnss_files-2.12.so
2b06cb0ff000-2b06cb100000 rw-p 0000d000 09:00 2523163                    /lib64/libnss_files-2.12.so
2b06cb100000-2b06cb11a000 r-xp 00000000 09:00 4646667                    /usr/java/jdk1.7.0_21/jre/lib/amd64/libzip.so
2b06cb11a000-2b06cb31a000 ---p 0001a000 09:00 4646667                    /usr/java/jdk1.7.0_21/jre/lib/amd64/libzip.so
2b06cb31a000-2b06cb31b000 rw-p 0001a000 09:00 4646667                    /usr/java/jdk1.7.0_21/jre/lib/amd64/libzip.so
2b06cb31b000-2b06cb37a000 r-xp 00000000 09:00 4646626                    /usr/java/jdk1.7.0_21/jre/lib/amd64/libfontmanager.so
2b06cb37a000-2b06cb57a000 ---p 0005f000 09:00 4646626                    /usr/java/jdk1.7.0_21/jre/lib/amd64/libfontmanager.so
2b06cb57a000-2b06cb57e000 rw-p 0005f000 09:00 4646626                    /usr/java/jdk1.7.0_21/jre/lib/amd64/libfontmanager.so
2b06cb57e000-2b06cb58f000 rw-p 00000000 00:00 0 
2b06cb58f000-2b06cb5a4000 r-xp 00000000 09:00 4646654                    /usr/java/jdk1.7.0_21/jre/lib/amd64/libnet.so
2b06cb5a4000-2b06cb7a4000 ---p 00015000 09:00 4646654                    /usr/java/jdk1.7.0_21/jre/lib/amd64/libnet.so
2b06cb7a4000-2b06cb7a5000 rw-p 00015000 09:00 4646654                    /usr/java/jdk1.7.0_21/jre/lib/amd64/libnet.so
2b06cb7a5000-2b06cb7d6000 rw-p 00000000 00:00 0 
2b06cb7d6000-2b06cb7e6000 r-xp 00000000 09:00 4646655                    /usr/java/jdk1.7.0_21/jre/lib/amd64/libnio.so
2b06cb7e6000-2b06cb9e6000 ---p 00010000 09:00 4646655                    /usr/java/jdk1.7.0_21/jre/lib/amd64/libnio.so
2b06cb9e6000-2b06cb9e7000 rw-p 00010000 09:00 4646655                    /usr/java/jdk1.7.0_21/jre/lib/amd64/libnio.so
2b06cb9e7000-2b06cba4f000 r-xp 00000000 09:00 4646664                    /usr/java/jdk1.7.0_21/jre/lib/amd64/libt2k.so
2b06cba4f000-2b06cbc4e000 ---p 00068000 09:00 4646664                    /usr/java/jdk1.7.0_21/jre/lib/amd64/libt2k.so
2b06cbc4e000-2b06cbc55000 rw-p 00067000 09:00 4646664                    /usr/java/jdk1.7.0_21/jre/lib/amd64/libt2k.so
2b06cbc55000-2b06cbc65000 rw-p 00000000 00:00 0 
2b06cbc65000-2b06cbc6e000 r--s 00000000 09:01 2662407                    /var/cache/fontconfig/b79f3aaa7d385a141ab53ec885cc22a8-le64.cache-3
2b06cbc6e000-2b06cbc72000 r--s 00000000 09:01 2662408                    /var/cache/fontconfig/87f5e051180a7a75f16eb6fe7dbd3749-le64.cache-3
2b06cbc72000-2b06cbc7b000 r--s 00000000 09:00 4645436                    /usr/share/fonts/default/Type1/s050000l.pfb
2b06cbc7b000-2b06cbc8f000 r--s 00000000 09:00 4645396                    /usr/share/fonts/default/Type1/n019003l.pfb
2b06cbc8f000-2b06cbca5000 r--s 00000000 09:00 4645424                    /usr/share/fonts/default/Type1/n022023l.pfb
2b06cbca5000-2b06cbcbe000 r--s 00000000 09:00 4645412                    /usr/share/fonts/default/Type1/n021003l.pfb
2b06cbcbe000-2b06cbccf000 r--s 00000000 09:00 4645376                    /usr/share/fonts/default/Type1/a010035l.pfb
2b06cbccf000-2b06cbce2000 r--s 00000000 09:00 4645410                    /usr/share/fonts/default/Type1/n019064l.pfb
2b06cbce2000-2b06cbcf9000 r--s 00000000 09:00 4645416                    /usr/share/fonts/default/Type1/n021023l.pfb
2b06cbcf9000-2b06cbd0a000 r--s 00000000 09:00 4645402                    /usr/share/fonts/default/Type1/n019024l.pfb
2b06cbd0a000-2b06cbd23000 r--s 00000000 09:00 4645378                    /usr/share/fonts/default/Type1/b018012l.pfb
2b06cbd23000-2b06cbd3b000 r--s 00000000 09:00 4645390                    /usr/share/fonts/default/Type1/c059033l.pfb
2b06cbd3b000-2b06cbd4e000 r--s 00000000 09:00 4645380                    /usr/share/fonts/default/Type1/b018015l.pfb
2b06cbd4e000-2b06cbd66000 r--s 00000000 09:00 4645392                    /usr/share/fonts/default/Type1/c059036l.pfb
2b06cbd66000-2b06cbd82000 r--s 00000000 09:00 4645434                    /usr/share/fonts/default/Type1/p052024l.pfb
2b06cbd82000-2b06cbd92000 r--s 00000000 09:00 4645370                    /usr/share/fonts/default/Type1/a010013l.pfb
2b06cbd92000-2b06cbda4000 r--s 00000000 09:00 4645406                    /usr/share/fonts/default/Type1/n019044l.pfb
2b06cbdb9000-2b06cbdca000 r--s 00000000 09:00 4645400                    /usr/share/fonts/default/Type1/n019023l.pfb
2b06cbdca000-2b06cbde5000 r--s 00000000 09:00 4645430                    /usr/share/fonts/default/Type1/p052004l.pfb
2b06cbde5000-2b06cbe00000 r--s 00000000 09:00 4645428                    /usr/share/fonts/default/Type1/p052003l.pfb
2b06cbe00000-2b06cbe19000 r--s 00000000 09:00 4645414                    /usr/share/fonts/default/Type1/n021004l.pfb
2b06cbe19000-2b06cbe29000 r--s 00000000 09:00 4645372                    /usr/share/fonts/default/Type1/a010015l.pfb
2b06cbe29000-2b06cbe39000 r--s 00000000 09:00 4645374                    /usr/share/fonts/default/Type1/a010033l.pfb
2b06cbe39000-2b06cbe4b000 r--s 00000000 09:00 4645398                    /usr/share/fonts/default/Type1/n019004l.pfb
2b06cbe4b000-2b06cbe5d000 r--s 00000000 09:00 4645404                    /usr/share/fonts/default/Type1/n019043l.pfb
2b06cbe5d000-2b06cbe78000 r--s 00000000 09:00 4645432                    /usr/share/fonts/default/Type1/p052023l.pfb
2b06cbe78000-2b06cbe89000 r--s 00000000 09:00 4645408                    /usr/share/fonts/default/Type1/n019063l.pfb
2b06cbe89000-2b06cbe95000 r--s 00000000 09:00 4645394                    /usr/share/fonts/default/Type1/d050000l.pfb
2b06cbe95000-2b06cbead000 r--s 00000000 09:00 4645420                    /usr/share/fonts/default/Type1/n022003l.pfb
2b06cbead000-2b06cbec6000 r--s 00000000 09:00 4645422                    /usr/share/fonts/default/Type1/n022004l.pfb
2b06cbec6000-2b06cbedc000 r--s 00000000 09:00 4645426                    /usr/share/fonts/default/Type1/n022024l.pfb
2b06cbedc000-2b06cbef7000 r--s 00000000 09:00 4645388                    /usr/share/fonts/default/Type1/c059016l.pfb
2b06cbef7000-2b06cbf09000 r--s 00000000 09:00 4645384                    /usr/share/fonts/default/Type1/b018035l.pfb
2b06cbf09000-2b06cbf1f000 r--s 00000000 09:00 4645418                    /usr/share/fonts/default/Type1/n021024l.pfb
2b06cbf1f000-2b06cbf34000 r--s 00000000 09:00 4645382                    /usr/share/fonts/default/Type1/b018032l.pfb
2b06cbf34000-2b06cbf4b000 r--s 00000000 09:00 4645438                    /usr/share/fonts/default/Type1/z003034l.pfb
2b06cbf4b000-2b06cbf65000 r--s 00000000 09:00 4645386                    /usr/share/fonts/default/Type1/c059013l.pfb
2b06cbf65000-2b06cbf70000 r--s 00000000 09:00 4671529                    /usr/share/fonts/default/ghostscript/hrpld.pfa
2b06cbf70000-2b06cbf82000 r--s 00000000 09:00 4671554                    /usr/share/fonts/default/ghostscript/putr.pfa
2b06cbf82000-2b06cbf93000 r--s 00000000 09:00 4671506                    /usr/share/fonts/default/ghostscript/bchr.pfa
2b06cbf93000-2b06cbfa4000 r--s 00000000 09:00 4671508                    /usr/share/fonts/default/ghostscript/bchri.pfa
2b06cbfa4000-2b06cbfb3000 r--s 00000000 09:00 4671541                    /usr/share/fonts/default/ghostscript/hrplt.pfa
2b06cbfb3000-2b06cbfc6000 r--s 00000000 09:00 4671555                    /usr/share/fonts/default/ghostscript/putri.pfa
2b06cbfc6000-2b06cbfd7000 r--s 00000000 09:00 4671502                    /usr/share/fonts/default/ghostscript/bchb.pfa
2b06cbfd7000-2b06cbfe6000 r--s 00000000 09:00 4671517                    /usr/share/fonts/default/ghostscript/hrger.pfa
2b06cbfe6000-2b06cbff3000 r--s 00000000 09:00 4671526                    /usr/share/fonts/default/ghostscript/hritr.pfa
2b06cc000000-2b06cc2e7000 rw-p 00000000 00:00 0 
2b06cc2e7000-2b06d0000000 ---p 00000000 00:00 0 
2b06d0000000-2b06d0270000 rwxp 00000000 00:00 0 
2b06d0270000-2b06d3000000 rw-p 00000000 00:00 0 
2b06d3000000-2b06d300a000 rw-p 00000000 00:00 0 
2b06d300a000-2b06d30c0000 rw-p 00000000 00:00 0 
2b06d30c0000-2b06d30cb000 rw-p 00000000 00:00 0 
2b06d30cb000-2b06d30e9000 rw-p 00000000 00:00 0 
2b06d30e9000-2b06d30ef000 rw-p 00000000 00:00 0 
2b06d30ef000-2b06d334b000 rw-p 00000000 00:00 0 
2b06d334b000-2b06d334e000 rw-p 00000000 00:00 0 
2b06d334e000-2b06d347c000 rw-p 00000000 00:00 0 
2b06d347c000-2b06d3483000 rw-p 00000000 00:00 0 
2b06d3483000-2b06d36df000 rw-p 00000000 00:00 0 
2b06d36df000-2b06d36ea000 rw-p 00000000 00:00 0 
2b06d36ea000-2b06d3708000 rw-p 00000000 00:00 0 
2b06d3708000-2b06d3709000 ---p 00000000 00:00 0 
2b06d3709000-2b06d3809000 rw-p 00000000 00:00 0 
2b06d3809000-2b06d380a000 ---p 00000000 00:00 0 
2b06d380a000-2b06d390a000 rw-p 00000000 00:00 0 
2b06d390a000-2b06d390b000 ---p 00000000 00:00 0 
2b06d390b000-2b06d3a0b000 rw-p 00000000 00:00 0 
2b06d3a0b000-2b06d3a0c000 ---p 00000000 00:00 0 
2b06d3a0c000-2b06d3b0c000 rw-p 00000000 00:00 0 
2b06d3b0c000-2b06d3b0d000 ---p 00000000 00:00 0 
2b06d3b0d000-2b06d3c0d000 rw-p 00000000 00:00 0 
2b06d3c0d000-2b06d3c0e000 ---p 00000000 00:00 0 
2b06d3c0e000-2b06d3d0e000 rw-p 00000000 00:00 0 
2b06d3d0e000-2b06d3d0f000 ---p 00000000 00:00 0 
2b06d3d0f000-2b06d3e0f000 rw-p 00000000 00:00 0 
2b06d3e0f000-2b06d3e10000 ---p 00000000 00:00 0 
2b06d3e10000-2b06d3f10000 rw-p 00000000 00:00 0 
2b06d3f10000-2b06d3f11000 ---p 00000000 00:00 0 
2b06d3f11000-2b06d4011000 rw-p 00000000 00:00 0 
2b06d4011000-2b06d4012000 ---p 00000000 00:00 0 
2b06d4012000-2b06d4112000 rw-p 00000000 00:00 0 
2b06d4112000-2b06d4113000 ---p 00000000 00:00 0 
2b06d4113000-2b06d4213000 rw-p 00000000 00:00 0 
2b06d4213000-2b06d4214000 ---p 00000000 00:00 0 
2b06d4214000-2b06d4314000 rw-p 00000000 00:00 0 
2b06d4314000-2b06d4315000 ---p 00000000 00:00 0 
2b06d4315000-2b06d4415000 rw-p 00000000 00:00 0 
2b06d4415000-2b06d4427000 r--s 00000000 09:00 4671552                    /usr/share/fonts/default/ghostscript/putb.pfa
2b06d4427000-2b06d443a000 r--s 00000000 09:00 4671553                    /usr/share/fonts/default/ghostscript/putbi.pfa
2b06d443a000-2b06d4445000 r--s 00000000 09:00 4671545                    /usr/share/fonts/default/ghostscript/hrscc.pfa
2b06d4445000-2b06d4454000 r--s 00000000 09:00 4671544                    /usr/share/fonts/default/ghostscript/hrplti.pfa
2b06d4454000-2b06d445e000 r--s 00000000 09:00 4671548                    /usr/share/fonts/default/ghostscript/hrscs.pfa
2b06d445e000-2b06d446f000 r--s 00000000 09:00 4671504                    /usr/share/fonts/default/ghostscript/bchbi.pfa
2b06d446f000-2b06d447a000 r--s 00000000 09:00 4671532                    /usr/share/fonts/default/ghostscript/hrpldi.pfa
2b06d447a000-2b06d4489000 r--s 00000000 09:00 4671523                    /usr/share/fonts/default/ghostscript/hrgrr.pfa
2b06d4489000-2b06d4499000 r--s 000a0000 09:00 3563710                    /opt/tau/intel/openmpi/x86_64/lib/batik-combined.jar
2b06d4499000-2b06d44a9000 r--s 0013f000 09:00 3563717                    /opt/tau/intel/openmpi/x86_64/lib/jfreechart-1.0.12.jar
2b06d44a9000-2b06d44af000 r--s 00046000 09:00 3563716                    /opt/tau/intel/openmpi/x86_64/lib/jcommon-1.0.15.jar
2b06d44af000-2b06d4509000 r--s 00693000 09:00 3563721                    /opt/tau/intel/openmpi/x86_64/lib/jython.jar
2b06d4509000-2b06d450b000 r--s 00008000 09:00 3563759                    /opt/tau/intel/openmpi/x86_64/lib/mesp.jar
2b06d450b000-2b06d450e000 r--s 0001a000 09:00 3563697                    /opt/tau/intel/openmpi/x86_64/lib/CubeReader.jar
2b06d450e000-2b06d4512000 r--s 00028000 09:00 3563712                    /opt/tau/intel/openmpi/x86_64/lib/gson-2.1.jar
2b06d4512000-2b06d4515000 ---p 00000000 00:00 0 
2b06d4515000-2b06d4613000 rw-p 00000000 00:00 0 
2b06d4613000-2b06d4616000 ---p 00000000 00:00 0 
2b06d4616000-2b06d4815000 rw-p 00000000 00:00 0 
2b06d8000000-2b06d8021000 rw-p 00000000 00:00 0 
2b06d8021000-2b06dc000000 ---p 00000000 00:00 0 
2b06dc000000-2b06dc021000 rw-p 00000000 00:00 0 
2b06dc021000-2b06e0000000 ---p 00000000 00:00 0 
2b06e0000000-2b06e0021000 rw-p 00000000 00:00 0 
2b06e0021000-2b06e4000000 ---p 00000000 00:00 0 
2b06e4000000-2b06e4021000 rw-p 00000000 00:00 0 
2b06e4021000-2b06e8000000 ---p 00000000 00:00 0 
2b06e8000000-2b06ebbc0000 rw-p 00000000 00:00 0 
2b06ec000000-2b06ec021000 rw-p 00000000 00:00 0 
2b06ec021000-2b06f0000000 ---p 00000000 00:00 0 
2b06f0000000-2b06f0f18000 rw-p 00000000 00:00 0 
2b06f0f18000-2b06f10d5000 r--s 039de000 09:00 4646707                    /usr/java/jdk1.7.0_21/jre/lib/rt.jar
2b06f10d5000-2b06f3d3d000 rw-p 00000000 00:00 0 
2b06f3d3d000-2b06f3d3e000 ---p 00000000 00:00 0 
2b06f3d3e000-2b06f3e3e000 rw-p 00000000 00:00 0 
2b06f4000000-2b06f4021000 rw-p 00000000 00:00 0 
2b06f4021000-2b06f8000000 ---p 00000000 00:00 0 
2b06fc000000-2b06fc021000 rw-p 00000000 00:00 0 
2b06fc021000-2b0700000000 ---p 00000000 00:00 0 
2b0704000000-2b0704021000 rw-p 00000000 00:00 0 
2b0704021000-2b0708000000 ---p 00000000 00:00 0 
2b070c000000-2b070c021000 rw-p 00000000 00:00 0 
2b070c021000-2b0710000000 ---p 00000000 00:00 0 
2b0714000000-2b0714021000 rw-p 00000000 00:00 0 
2b0714021000-2b0718000000 ---p 00000000 00:00 0 
2b071c000000-2b071c021000 rw-p 00000000 00:00 0 
2b071c021000-2b0720000000 ---p 00000000 00:00 0 
2b0724000000-2b0724021000 rw-p 00000000 00:00 0 
2b0724021000-2b0728000000 ---p 00000000 00:00 0 
2b072c000000-2b072c021000 rw-p 00000000 00:00 0 
2b072c021000-2b0730000000 ---p 00000000 00:00 0 
2b0730000000-2b0730021000 rw-p 00000000 00:00 0 
2b0730021000-2b0734000000 ---p 00000000 00:00 0 
2b0734000000-2b0734003000 ---p 00000000 00:00 0 
2b0734003000-2b0734101000 rw-p 00000000 00:00 0 
2b0734101000-2b0734104000 ---p 00000000 00:00 0 
2b0734104000-2b0734202000 rw-p 00000000 00:00 0 
2b0738000000-2b0738021000 rw-p 00000000 00:00 0 
2b0738021000-2b073c000000 ---p 00000000 00:00 0 
2b073c000000-2b073c021000 rw-p 00000000 00:00 0 
2b073c021000-2b0740000000 ---p 00000000 00:00 0 
2b0740000000-2b0745e91000 r--p 00000000 09:00 4595452                    /usr/lib/locale/locale-archive
2b0745e91000-2b0745e94000 ---p 00000000 00:00 0 
2b0745e94000-2b0745f92000 rw-p 00000000 00:00 0 
2b0745f92000-2b0745f95000 ---p 00000000 00:00 0 
2b0745f95000-2b0746093000 rw-p 00000000 00:00 0 
2b0746093000-2b0746096000 ---p 00000000 00:00 0 
2b0746096000-2b0746194000 rw-p 00000000 00:00 0 
2b0746194000-2b0746197000 ---p 00000000 00:00 0 
2b0746197000-2b0746295000 rw-p 00000000 00:00 0 
2b0746295000-2b0746296000 ---p 00000000 00:00 0 
2b0746296000-2b0746396000 rw-p 00000000 00:00 0 
2b0746396000-2b0746398000 r--s 0004d000 09:00 4653778                    /usr/java/jdk1.7.0_21/jre/lib/ext/vecmath.jar
2b0746398000-2b074639b000 r--s 0001c000 09:00 4653781                    /usr/java/jdk1.7.0_21/jre/lib/ext/antlr-runtime-3.1.jar
2b074639b000-2b07463a0000 r--s 00068000 09:00 4653779                    /usr/java/jdk1.7.0_21/jre/lib/ext/antlr-2.7.7.jar
2b07463a0000-2b07463a3000 r--s 00027000 09:00 4653782                    /usr/java/jdk1.7.0_21/jre/lib/ext/stringtemplate-3.2.jar
2b07463a3000-2b07463af000 r--s 002c1000 09:00 4653776                    /usr/java/jdk1.7.0_21/jre/lib/ext/j3dcore.jar
2b07463af000-2b07463bd000 r--s 0018a000 09:00 4653777                    /usr/java/jdk1.7.0_21/jre/lib/ext/j3dutils.jar
2b07463bd000-2b07463cd000 r--s 00164000 09:00 4653780                    /usr/java/jdk1.7.0_21/jre/lib/ext/antlr-3.1.jar
2b07463cd000-2b07463d7000 r--s 00097000 09:00 3563761                    /opt/tau/intel/openmpi/x86_64/lib/paraprof.jar
2b07463d7000-2b07463dc000 r--s 00064000 09:00 3563762                    /opt/tau/intel/openmpi/x86_64/lib/perfdmf.jar
2b07463dc000-2b07463df000 r--s 0001e000 09:00 3563767                    /opt/tau/intel/openmpi/x86_64/lib/tau-common.jar
2b07463df000-2b07463e1000 r--s 00019000 09:00 3563772                    /opt/tau/intel/openmpi/x86_64/lib/vis.jar
2b07463e1000-2b07463eb000 r--s 000e6000 09:00 3563719                    /opt/tau/intel/openmpi/x86_64/lib/jogl.jar
2b07463eb000-2b07463ee000 r--s 0001f000 09:00 3563718                    /opt/tau/intel/openmpi/x86_64/lib/jgraph.jar
2b07463ee000-2b074640c000 r--s 00141000 09:00 3563773                    /opt/tau/intel/openmpi/x86_64/lib/xerces.jar
2b074640c000-2b074640d000 r--s 00004000 09:00 3563714                    /opt/tau/intel/openmpi/x86_64/lib/jargs.jar
2b074640d000-2b07464af000 r-xp 00000000 09:00 4646622                    /usr/java/jdk1.7.0_21/jre/lib/amd64/libawt.so
2b07464af000-2b07466af000 ---p 000a2000 09:00 4646622                    /usr/java/jdk1.7.0_21/jre/lib/amd64/libawt.so
2b07466af000-2b07466bb000 rw-p 000a2000 09:00 4646622                    /usr/java/jdk1.7.0_21/jre/lib/amd64/libawt.so
2b07466bb000-2b07466df000 rw-p 00000000 00:00 0 
2b07466df000-2b074672f000 r-xp 00000000 09:00 4653062                    /usr/java/jdk1.7.0_21/jre/lib/amd64/xawt/libmawt.so
2b074672f000-2b074692f000 ---p 00050000 09:00 4653062                    /usr/java/jdk1.7.0_21/jre/lib/amd64/xawt/libmawt.so
2b074692f000-2b0746933000 rw-p 00050000 09:00 4653062                    /usr/java/jdk1.7.0_21/jre/lib/amd64/xawt/libmawt.so
2b0746933000-2b0746934000 rw-p 00000000 00:00 0 
2b074694c000-2b0746951000 r-xp 00000000 09:00 4590281                    /usr/lib64/libXtst.so.6.1.0
2b0746951000-2b0746b51000 ---p 00005000 09:00 4590281                    /usr/lib64/libXtst.so.6.1.0
2b0746b51000-2b0746b52000 rw-p 00005000 09:00 4590281                    /usr/lib64/libXtst.so.6.1.0
2b0746b52000-2b0746b55000 ---p 00000000 00:00 0 
2b0746b55000-2b0746c53000 rw-p 00000000 00:00 0 
2b0746c53000-2b0746c56000 ---p 00000000 00:00 0 
2b0746c56000-2b0746d54000 rw-p 00000000 00:00 0 
2b0746d54000-2b0746d57000 ---p 00000000 00:00 0 
2b0746d57000-2b0746e55000 rw-p 00000000 00:00 0 
2b0746e55000-2b0746e58000 ---p 00000000 00:00 0 
2b0746e58000-2b0746f56000 rw-p 00000000 00:00 0 
2b0748000000-2b0748021000 rw-p 00000000 00:00 0 
2b0748021000-2b074c000000 ---p 00000000 00:00 0 
2b074c000000-2b074c117000 rw-p 00000000 00:00 0 
2b074c117000-2b0750000000 ---p 00000000 00:00 0 
2b0750000000-2b0750296000 rw-p 00000000 00:00 0 
2b0750296000-2b0754000000 ---p 00000000 00:00 0 
2b0754000000-2b0754021000 rw-p 00000000 00:00 0 
2b0754021000-2b0758000000 ---p 00000000 00:00 0 
2b0758000000-2b0758021000 rw-p 00000000 00:00 0 
2b0758021000-2b075c000000 ---p 00000000 00:00 0 
2b075c000000-2b075c021000 rw-p 00000000 00:00 0 
2b075c021000-2b0760000000 ---p 00000000 00:00 0 
2b0760000000-2b0760021000 rw-p 00000000 00:00 0 
2b0760021000-2b0764000000 ---p 00000000 00:00 0 
2b0764000000-2b0764021000 rw-p 00000000 00:00 0 
2b0764021000-2b0768000000 ---p 00000000 00:00 0 
2b0768000000-2b0768322000 rw-p 00000000 00:00 0 
2b0768322000-2b076c000000 ---p 00000000 00:00 0 
2b076c000000-2b076c021000 rw-p 00000000 00:00 0 
2b076c021000-2b0770000000 ---p 00000000 00:00 0 
2b0770000000-2b0770021000 rw-p 00000000 00:00 0 
2b0770021000-2b0774000000 ---p 00000000 00:00 0 
7fffdaff2000-7fffdb008000 rw-p 00000000 00:00 0                          [stack]
7fffdb049000-7fffdb04a000 r-xp 00000000 00:00 0                          [vdso]
ffffffffff600000-ffffffffff601000 r-xp 00000000 00:00 0                  [vsyscall]

VM Arguments:
jvm_args: -Xms16m -Xmx1024m -Xmx1830m -Dderby.system.home=/home/ucsb-train33/.ParaProf -Dpython.home=/jython -Dpython.verbose=error -Djava.library.path=/opt/tau/intel/openmpi/x86_64/lib:/usr/java/jdk1.7.0_21/bin 
java_command: edu/uoregon/tau/paraprof/ParaProf -j /opt/tau/intel/openmpi/x86_64/lib -c /opt/tau/intel/openmpi/etc
Launcher Type: SUN_STANDARD

Environment Variables:
JAVA_HOME=/usr/java/latest
PATH=/opt/tau/intel/openmpi/x86_64/bin:/opt/papi/intel/bin:/opt/openmpi/intel/ib/bin:/opt/intel/composer_xe_2013.1.117/bin/intel64:/opt/scar/bin:/opt/scar/sbin:/usr/lib64/qt-3.3/bin:/usr/local/bin:/bin:/usr/bin:/usr/local/sbin:/usr/sbin:/sbin:/opt/ganglia/bin:/opt/ganglia/sbin:/opt/gold/bin:/opt/gold/sbin::/usr/java/latest/bin:/opt/maui/bin:/opt/torque/bin:/opt/torque/sbin:/opt/torque/bin:opt/torque/sbin:/opt/pdsh/bin:/opt/rocks/bin:/opt/rocks/sbin:/home/ucsb-train33/bin
LD_LIBRARY_PATH=/opt/tau/intel/openmpi/x86_64/lib:/opt/papi/intel/lib:/opt/tau/intel/openmpi/x86_64/lib:
SHELL=/bin/bash
DISPLAY=localhost:16.0

Signal Handlers:
SIGSEGV: [libjvm.so+0x8a80e0], sa_mask[0]=0x7ffbfeff, sa_flags=0x10000004
SIGBUS: [libjvm.so+0x8a80e0], sa_mask[0]=0x7ffbfeff, sa_flags=0x10000004
SIGFPE: [libjvm.so+0x744170], sa_mask[0]=0x7ffbfeff, sa_flags=0x10000004
SIGPIPE: [libjvm.so+0x744170], sa_mask[0]=0x7ffbfeff, sa_flags=0x10000004
SIGXFSZ: [libjvm.so+0x744170], sa_mask[0]=0x7ffbfeff, sa_flags=0x10000004
SIGILL: [libjvm.so+0x744170], sa_mask[0]=0x7ffbfeff, sa_flags=0x10000004
SIGUSR1: SIG_DFL, sa_mask[0]=0x00000000, sa_flags=0x00000000
SIGUSR2: [libjvm.so+0x743ac0], sa_mask[0]=0x00000000, sa_flags=0x10000004
SIGHUP: [libjvm.so+0x745e50], sa_mask[0]=0x7ffbfeff, sa_flags=0x10000004
SIGINT: [libjvm.so+0x745e50], sa_mask[0]=0x7ffbfeff, sa_flags=0x10000004
SIGTERM: [libjvm.so+0x745e50], sa_mask[0]=0x7ffbfeff, sa_flags=0x10000004
SIGQUIT: [libjvm.so+0x745e50], sa_mask[0]=0x7ffbfeff, sa_flags=0x10000004


---------------  S Y S T E M  ---------------

OS:CentOS release 6.3 (Final)

uname:Linux 2.6.32-431.23.3.el6.x86_64 #1 SMP Thu Jul 31 17:20:51 UTC 2014 x86_64
libc:glibc 2.12 NPTL 2.12 
rlimit: STACK infinity, CORE 0k, NPROC 1024, NOFILE 4096, AS 4194304k
load average:1.36 0.81 0.59

/proc/meminfo:
MemTotal:       66068152 kB
MemFree:         3233172 kB
Buffers:          107656 kB
Cached:         47586964 kB
SwapCached:            0 kB
Active:         10882648 kB
Inactive:       38319556 kB
Active(anon):     629036 kB
Inactive(anon):   878836 kB
Active(file):   10253612 kB
Inactive(file): 37440720 kB
Unevictable:           0 kB
Mlocked:               0 kB
SwapTotal:       4095984 kB
SwapFree:        4095984 kB
Dirty:               172 kB
Writeback:             0 kB
AnonPages:       1509796 kB
Mapped:            64160 kB
Shmem:               288 kB
Slab:           12675676 kB
SReclaimable:     490904 kB
SUnreclaim:     12184772 kB
KernelStack:        7280 kB
PageTables:        28644 kB
NFS_Unstable:          0 kB
Bounce:                0 kB
WritebackTmp:          0 kB
CommitLimit:    37130060 kB
Committed_AS:    2464120 kB
VmallocTotal:   34359738367 kB
VmallocUsed:      695404 kB
VmallocChunk:   34325067232 kB
HardwareCorrupted:     0 kB
AnonHugePages:   1224704 kB
HugePages_Total:       0
HugePages_Free:        0
HugePages_Rsvd:        0
HugePages_Surp:        0
Hugepagesize:       2048 kB
DirectMap4k:        8056 kB
DirectMap2M:     3102720 kB
DirectMap1G:    63963136 kB


CPU:total 16 (8 cores per cpu, 2 threads per core) family 6 model 45 stepping 7, cmov, cx8, fxsr, mmx, sse, sse2, sse3, ssse3, sse4.1, sse4.2, popcnt, avx, ht, tsc, tscinvbit, tscinv

/proc/cpuinfo:
processor	: 0
vendor_id	: GenuineIntel
cpu family	: 6
model		: 45
model name	: Intel(R) Xeon(R) CPU E5-2670 0 @ 2.60GHz
stepping	: 7
cpu MHz		: 2593.411
cache size	: 20480 KB
physical id	: 0
siblings	: 8
core id		: 0
cpu cores	: 8
apicid		: 0
initial apicid	: 0
fpu		: yes
fpu_exception	: yes
cpuid level	: 13
wp		: yes
flags		: fpu vme de pse tsc msr pae mce cx8 apic sep mtrr pge mca cmov pat pse36 clflush dts acpi mmx fxsr sse sse2 ss ht tm pbe syscall nx pdpe1gb rdtscp lm constant_tsc arch_perfmon pebs bts rep_good xtopology nonstop_tsc aperfmperf pni pclmulqdq dtes64 monitor ds_cpl vmx smx est tm2 ssse3 cx16 xtpr pdcm pcid dca sse4_1 sse4_2 x2apic popcnt tsc_deadline_timer aes xsave avx lahf_lm ida arat epb xsaveopt pln pts dts tpr_shadow vnmi flexpriority ept vpid
bogomips	: 5186.82
clflush size	: 64
cache_alignment	: 64
address sizes	: 46 bits physical, 48 bits virtual
power management:

processor	: 1
vendor_id	: GenuineIntel
cpu family	: 6
model		: 45
model name	: Intel(R) Xeon(R) CPU E5-2670 0 @ 2.60GHz
stepping	: 7
cpu MHz		: 2593.411
cache size	: 20480 KB
physical id	: 0
siblings	: 8
core id		: 1
cpu cores	: 8
apicid		: 2
initial apicid	: 2
fpu		: yes
fpu_exception	: yes
cpuid level	: 13
wp		: yes
flags		: fpu vme de pse tsc msr pae mce cx8 apic sep mtrr pge mca cmov pat pse36 clflush dts acpi mmx fxsr sse sse2 ss ht tm pbe syscall nx pdpe1gb rdtscp lm constant_tsc arch_perfmon pebs bts rep_good xtopology nonstop_tsc aperfmperf pni pclmulqdq dtes64 monitor ds_cpl vmx smx est tm2 ssse3 cx16 xtpr pdcm pcid dca sse4_1 sse4_2 x2apic popcnt tsc_deadline_timer aes xsave avx lahf_lm ida arat epb xsaveopt pln pts dts tpr_shadow vnmi flexpriority ept vpid
bogomips	: 5186.82
clflush size	: 64
cache_alignment	: 64
address sizes	: 46 bits physical, 48 bits virtual
power management:

processor	: 2
vendor_id	: GenuineIntel
cpu family	: 6
model		: 45
model name	: Intel(R) Xeon(R) CPU E5-2670 0 @ 2.60GHz
stepping	: 7
cpu MHz		: 2593.411
cache size	: 20480 KB
physical id	: 0
siblings	: 8
core id		: 2
cpu cores	: 8
apicid		: 4
initial apicid	: 4
fpu		: yes
fpu_exception	: yes
cpuid level	: 13
wp		: yes
flags		: fpu vme de pse tsc msr pae mce cx8 apic sep mtrr pge mca cmov pat pse36 clflush dts acpi mmx fxsr sse sse2 ss ht tm pbe syscall nx pdpe1gb rdtscp lm constant_tsc arch_perfmon pebs bts rep_good xtopology nonstop_tsc aperfmperf pni pclmulqdq dtes64 monitor ds_cpl vmx smx est tm2 ssse3 cx16 xtpr pdcm pcid dca sse4_1 sse4_2 x2apic popcnt tsc_deadline_timer aes xsave avx lahf_lm ida arat epb xsaveopt pln pts dts tpr_shadow vnmi flexpriority ept vpid
bogomips	: 5186.82
clflush size	: 64
cache_alignment	: 64
address sizes	: 46 bits physical, 48 bits virtual
power management:

processor	: 3
vendor_id	: GenuineIntel
cpu family	: 6
model		: 45
model name	: Intel(R) Xeon(R) CPU E5-2670 0 @ 2.60GHz
stepping	: 7
cpu MHz		: 2593.411
cache size	: 20480 KB
physical id	: 0
siblings	: 8
core id		: 3
cpu cores	: 8
apicid		: 6
initial apicid	: 6
fpu		: yes
fpu_exception	: yes
cpuid level	: 13
wp		: yes
flags		: fpu vme de pse tsc msr pae mce cx8 apic sep mtrr pge mca cmov pat pse36 clflush dts acpi mmx fxsr sse sse2 ss ht tm pbe syscall nx pdpe1gb rdtscp lm constant_tsc arch_perfmon pebs bts rep_good xtopology nonstop_tsc aperfmperf pni pclmulqdq dtes64 monitor ds_cpl vmx smx est tm2 ssse3 cx16 xtpr pdcm pcid dca sse4_1 sse4_2 x2apic popcnt tsc_deadline_timer aes xsave avx lahf_lm ida arat epb xsaveopt pln pts dts tpr_shadow vnmi flexpriority ept vpid
bogomips	: 5186.82
clflush size	: 64
cache_alignment	: 64
address sizes	: 46 bits physical, 48 bits virtual
power management:

processor	: 4
vendor_id	: GenuineIntel
cpu family	: 6
model		: 45
model name	: Intel(R) Xeon(R) CPU E5-2670 0 @ 2.60GHz
stepping	: 7
cpu MHz		: 2593.411
cache size	: 20480 KB
physical id	: 0
siblings	: 8
core id		: 4
cpu cores	: 8
apicid		: 8
initial apicid	: 8
fpu		: yes
fpu_exception	: yes
cpuid level	: 13
wp		: yes
flags		: fpu vme de pse tsc msr pae mce cx8 apic sep mtrr pge mca cmov pat pse36 clflush dts acpi mmx fxsr sse sse2 ss ht tm pbe syscall nx pdpe1gb rdtscp lm constant_tsc arch_perfmon pebs bts rep_good xtopology nonstop_tsc aperfmperf pni pclmulqdq dtes64 monitor ds_cpl vmx smx est tm2 ssse3 cx16 xtpr pdcm pcid dca sse4_1 sse4_2 x2apic popcnt tsc_deadline_timer aes xsave avx lahf_lm ida arat epb xsaveopt pln pts dts tpr_shadow vnmi flexpriority ept vpid
bogomips	: 5186.82
clflush size	: 64
cache_alignment	: 64
address sizes	: 46 bits physical, 48 bits virtual
power management:

processor	: 5
vendor_id	: GenuineIntel
cpu family	: 6
model		: 45
model name	: Intel(R) Xeon(R) CPU E5-2670 0 @ 2.60GHz
stepping	: 7
cpu MHz		: 2593.411
cache size	: 20480 KB
physical id	: 0
siblings	: 8
core id		: 5
cpu cores	: 8
apicid		: 10
initial apicid	: 10
fpu		: yes
fpu_exception	: yes
cpuid level	: 13
wp		: yes
flags		: fpu vme de pse tsc msr pae mce cx8 apic sep mtrr pge mca cmov pat pse36 clflush dts acpi mmx fxsr sse sse2 ss ht tm pbe syscall nx pdpe1gb rdtscp lm constant_tsc arch_perfmon pebs bts rep_good xtopology nonstop_tsc aperfmperf pni pclmulqdq dtes64 monitor ds_cpl vmx smx est tm2 ssse3 cx16 xtpr pdcm pcid dca sse4_1 sse4_2 x2apic popcnt tsc_deadline_timer aes xsave avx lahf_lm ida arat epb xsaveopt pln pts dts tpr_shadow vnmi flexpriority ept vpid
bogomips	: 5186.82
clflush size	: 64
cache_alignment	: 64
address sizes	: 46 bits physical, 48 bits virtual
power management:

processor	: 6
vendor_id	: GenuineIntel
cpu family	: 6
model		: 45
model name	: Intel(R) Xeon(R) CPU E5-2670 0 @ 2.60GHz
stepping	: 7
cpu MHz		: 2593.411
cache size	: 20480 KB
physical id	: 0
siblings	: 8
core id		: 6
cpu cores	: 8
apicid		: 12
initial apicid	: 12
fpu		: yes
fpu_exception	: yes
cpuid level	: 13
wp		: yes
flags		: fpu vme de pse tsc msr pae mce cx8 apic sep mtrr pge mca cmov pat pse36 clflush dts acpi mmx fxsr sse sse2 ss ht tm pbe syscall nx pdpe1gb rdtscp lm constant_tsc arch_perfmon pebs bts rep_good xtopology nonstop_tsc aperfmperf pni pclmulqdq dtes64 monitor ds_cpl vmx smx est tm2 ssse3 cx16 xtpr pdcm pcid dca sse4_1 sse4_2 x2apic popcnt tsc_deadline_timer aes xsave avx lahf_lm ida arat epb xsaveopt pln pts dts tpr_shadow vnmi flexpriority ept vpid
bogomips	: 5186.82
clflush size	: 64
cache_alignment	: 64
address sizes	: 46 bits physical, 48 bits virtual
power management:

processor	: 7
vendor_id	: GenuineIntel
cpu family	: 6
model		: 45
model name	: Intel(R) Xeon(R) CPU E5-2670 0 @ 2.60GHz
stepping	: 7
cpu MHz		: 2593.411
cache size	: 20480 KB
physical id	: 0
siblings	: 8
core id		: 7
cpu cores	: 8
apicid		: 14
initial apicid	: 14
fpu		: yes
fpu_exception	: yes
cpuid level	: 13
wp		: yes
flags		: fpu vme de pse tsc msr pae mce cx8 apic sep mtrr pge mca cmov pat pse36 clflush dts acpi mmx fxsr sse sse2 ss ht tm pbe syscall nx pdpe1gb rdtscp lm constant_tsc arch_perfmon pebs bts rep_good xtopology nonstop_tsc aperfmperf pni pclmulqdq dtes64 monitor ds_cpl vmx smx est tm2 ssse3 cx16 xtpr pdcm pcid dca sse4_1 sse4_2 x2apic popcnt tsc_deadline_timer aes xsave avx lahf_lm ida arat epb xsaveopt pln pts dts tpr_shadow vnmi flexpriority ept vpid
bogomips	: 5186.82
clflush size	: 64
cache_alignment	: 64
address sizes	: 46 bits physical, 48 bits virtual
power management:

processor	: 8
vendor_id	: GenuineIntel
cpu family	: 6
model		: 45
model name	: Intel(R) Xeon(R) CPU E5-2670 0 @ 2.60GHz
stepping	: 7
cpu MHz		: 2593.411
cache size	: 20480 KB
physical id	: 1
siblings	: 8
core id		: 0
cpu cores	: 8
apicid		: 32
initial apicid	: 32
fpu		: yes
fpu_exception	: yes
cpuid level	: 13
wp		: yes
flags		: fpu vme de pse tsc msr pae mce cx8 apic sep mtrr pge mca cmov pat pse36 clflush dts acpi mmx fxsr sse sse2 ss ht tm pbe syscall nx pdpe1gb rdtscp lm constant_tsc arch_perfmon pebs bts rep_good xtopology nonstop_tsc aperfmperf pni pclmulqdq dtes64 monitor ds_cpl vmx smx est tm2 ssse3 cx16 xtpr pdcm pcid dca sse4_1 sse4_2 x2apic popcnt tsc_deadline_timer aes xsave avx lahf_lm ida arat epb xsaveopt pln pts dts tpr_shadow vnmi flexpriority ept vpid
bogomips	: 5188.25
clflush size	: 64
cache_alignment	: 64
address sizes	: 46 bits physical, 48 bits virtual
power management:

processor	: 9
vendor_id	: GenuineIntel
cpu family	: 6
model		: 45
model name	: Intel(R) Xeon(R) CPU E5-2670 0 @ 2.60GHz
stepping	: 7
cpu MHz		: 2593.411
cache size	: 20480 KB
physical id	: 1
siblings	: 8
core id		: 1
cpu cores	: 8
apicid		: 34
initial apicid	: 34
fpu		: yes
fpu_exception	: yes
cpuid level	: 13
wp		: yes
flags		: fpu vme de pse tsc msr pae mce cx8 apic sep mtrr pge mca cmov pat pse36 clflush dts acpi mmx fxsr sse sse2 ss ht tm pbe syscall nx pdpe1gb rdtscp lm constant_tsc arch_perfmon pebs bts rep_good xtopology nonstop_tsc aperfmperf pni pclmulqdq dtes64 monitor ds_cpl vmx smx est tm2 ssse3 cx16 xtpr pdcm pcid dca sse4_1 sse4_2 x2apic popcnt tsc_deadline_timer aes xsave avx lahf_lm ida arat epb xsaveopt pln pts dts tpr_shadow vnmi flexpriority ept vpid
bogomips	: 5188.25
clflush size	: 64
cache_alignment	: 64
address sizes	: 46 bits physical, 48 bits virtual
power management:

processor	: 10
vendor_id	: GenuineIntel
cpu family	: 6
model		: 45
model name	: Intel(R) Xeon(R) CPU E5-2670 0 @ 2.60GHz
stepping	: 7
cpu MHz		: 2593.411
cache size	: 20480 KB
physical id	: 1
siblings	: 8
core id		: 2
cpu cores	: 8
apicid		: 36
initial apicid	: 36
fpu		: yes
fpu_exception	: yes
cpuid level	: 13
wp		: yes
flags		: fpu vme de pse tsc msr pae mce cx8 apic sep mtrr pge mca cmov pat pse36 clflush dts acpi mmx fxsr sse sse2 ss ht tm pbe syscall nx pdpe1gb rdtscp lm constant_tsc arch_perfmon pebs bts rep_good xtopology nonstop_tsc aperfmperf pni pclmulqdq dtes64 monitor ds_cpl vmx smx est tm2 ssse3 cx16 xtpr pdcm pcid dca sse4_1 sse4_2 x2apic popcnt tsc_deadline_timer aes xsave avx lahf_lm ida arat epb xsaveopt pln pts dts tpr_shadow vnmi flexpriority ept vpid
bogomips	: 5188.25
clflush size	: 64
cache_alignment	: 64
address sizes	: 46 bits physical, 48 bits virtual
power management:

processor	: 11
vendor_id	: GenuineIntel
cpu family	: 6
model		: 45
model name	: Intel(R) Xeon(R) CPU E5-2670 0 @ 2.60GHz
stepping	: 7
cpu MHz		: 2593.411
cache size	: 20480 KB
physical id	: 1
siblings	: 8
core id		: 3
cpu cores	: 8
apicid		: 38
initial apicid	: 38
fpu		: yes
fpu_exception	: yes
cpuid level	: 13
wp		: yes
flags		: fpu vme de pse tsc msr pae mce cx8 apic sep mtrr pge mca cmov pat pse36 clflush dts acpi mmx fxsr sse sse2 ss ht tm pbe syscall nx pdpe1gb rdtscp lm constant_tsc arch_perfmon pebs bts rep_good xtopology nonstop_tsc aperfmperf pni pclmulqdq dtes64 monitor ds_cpl vmx smx est tm2 ssse3 cx16 xtpr pdcm pcid dca sse4_1 sse4_2 x2apic popcnt tsc_deadline_timer aes xsave avx lahf_lm ida arat epb xsaveopt pln pts dts tpr_shadow vnmi flexpriority ept vpid
bogomips	: 5188.25
clflush size	: 64
cache_alignment	: 64
address sizes	: 46 bits physical, 48 bits virtual
power management:

processor	: 12
vendor_id	: GenuineIntel
cpu family	: 6
model		: 45
model name	: Intel(R) Xeon(R) CPU E5-2670 0 @ 2.60GHz
stepping	: 7
cpu MHz		: 2593.411
cache size	: 20480 KB
physical id	: 1
siblings	: 8
core id		: 4
cpu cores	: 8
apicid		: 40
initial apicid	: 40
fpu		: yes
fpu_exception	: yes
cpuid level	: 13
wp		: yes
flags		: fpu vme de pse tsc msr pae mce cx8 apic sep mtrr pge mca cmov pat pse36 clflush dts acpi mmx fxsr sse sse2 ss ht tm pbe syscall nx pdpe1gb rdtscp lm constant_tsc arch_perfmon pebs bts rep_good xtopology nonstop_tsc aperfmperf pni pclmulqdq dtes64 monitor ds_cpl vmx smx est tm2 ssse3 cx16 xtpr pdcm pcid dca sse4_1 sse4_2 x2apic popcnt tsc_deadline_timer aes xsave avx lahf_lm ida arat epb xsaveopt pln pts dts tpr_shadow vnmi flexpriority ept vpid
bogomips	: 5188.25
clflush size	: 64
cache_alignment	: 64
address sizes	: 46 bits physical, 48 bits virtual
power management:

processor	: 13
vendor_id	: GenuineIntel
cpu family	: 6
model		: 45
model name	: Intel(R) Xeon(R) CPU E5-2670 0 @ 2.60GHz
stepping	: 7
cpu MHz		: 2593.411
cache size	: 20480 KB
physical id	: 1
siblings	: 8
core id		: 5
cpu cores	: 8
apicid		: 42
initial apicid	: 42
fpu		: yes
fpu_exception	: yes
cpuid level	: 13
wp		: yes
flags		: fpu vme de pse tsc msr pae mce cx8 apic sep mtrr pge mca cmov pat pse36 clflush dts acpi mmx fxsr sse sse2 ss ht tm pbe syscall nx pdpe1gb rdtscp lm constant_tsc arch_perfmon pebs bts rep_good xtopology nonstop_tsc aperfmperf pni pclmulqdq dtes64 monitor ds_cpl vmx smx est tm2 ssse3 cx16 xtpr pdcm pcid dca sse4_1 sse4_2 x2apic popcnt tsc_deadline_timer aes xsave avx lahf_lm ida arat epb xsaveopt pln pts dts tpr_shadow vnmi flexpriority ept vpid
bogomips	: 5188.25
clflush size	: 64
cache_alignment	: 64
address sizes	: 46 bits physical, 48 bits virtual
power management:

processor	: 14
vendor_id	: GenuineIntel
cpu family	: 6
model		: 45
model name	: Intel(R) Xeon(R) CPU E5-2670 0 @ 2.60GHz
stepping	: 7
cpu MHz		: 2593.411
cache size	: 20480 KB
physical id	: 1
siblings	: 8
core id		: 6
cpu cores	: 8
apicid		: 44
initial apicid	: 44
fpu		: yes
fpu_exception	: yes
cpuid level	: 13
wp		: yes
flags		: fpu vme de pse tsc msr pae mce cx8 apic sep mtrr pge mca cmov pat pse36 clflush dts acpi mmx fxsr sse sse2 ss ht tm pbe syscall nx pdpe1gb rdtscp lm constant_tsc arch_perfmon pebs bts rep_good xtopology nonstop_tsc aperfmperf pni pclmulqdq dtes64 monitor ds_cpl vmx smx est tm2 ssse3 cx16 xtpr pdcm pcid dca sse4_1 sse4_2 x2apic popcnt tsc_deadline_timer aes xsave avx lahf_lm ida arat epb xsaveopt pln pts dts tpr_shadow vnmi flexpriority ept vpid
bogomips	: 5188.25
clflush size	: 64
cache_alignment	: 64
address sizes	: 46 bits physical, 48 bits virtual
power management:

processor	: 15
vendor_id	: GenuineIntel
cpu family	: 6
model		: 45
model name	: Intel(R) Xeon(R) CPU E5-2670 0 @ 2.60GHz
stepping	: 7
cpu MHz		: 2593.411
cache size	: 20480 KB
physical id	: 1
siblings	: 8
core id		: 7
cpu cores	: 8
apicid		: 46
initial apicid	: 46
fpu		: yes
fpu_exception	: yes
cpuid level	: 13
wp		: yes
flags		: fpu vme de pse tsc msr pae mce cx8 apic sep mtrr pge mca cmov pat pse36 clflush dts acpi mmx fxsr sse sse2 ss ht tm pbe syscall nx pdpe1gb rdtscp lm constant_tsc arch_perfmon pebs bts rep_good xtopology nonstop_tsc aperfmperf pni pclmulqdq dtes64 monitor ds_cpl vmx smx est tm2 ssse3 cx16 xtpr pdcm pcid dca sse4_1 sse4_2 x2apic popcnt tsc_deadline_timer aes xsave avx lahf_lm ida arat epb xsaveopt pln pts dts tpr_shadow vnmi flexpriority ept vpid
bogomips	: 5188.25
clflush size	: 64
cache_alignment	: 64
address sizes	: 46 bits physical, 48 bits virtual
power management:



Memory: 4k page, physical 66068152k(3233172k free), swap 4095984k(4095984k free)

vm_info: Java HotSpot(TM) 64-Bit Server VM (23.21-b01) for linux-amd64 JRE (1.7.0_21-b11), built on Apr  4 2013 04:03:29 by "java_re" with gcc 4.3.0 20080428 (Red Hat 4.3.0-8)

time: Thu Jan 29 22:59:38 2015
elapsed time: 3 seconds

